2022-12-31 17:57:46  [WARNING] Couldn't find graph file for method : 1:/mnt/out_put/2_llvm/mysql-server-source/sql/range_optimizer/tree.cc#?#_ZN7SEL_ARGC2EP5FieldPKhS3_b#?
2022-12-31 17:57:47  [WARNING] Couldn't find graph file for method : 2:/mnt/out_put/2_llvm/mysql-server-source/sql/range_optimizer/tree.cc#?#_ZN8SEL_ROOTC2EP7SEL_ARG#?
2022-12-31 17:57:47  [WARNING] Couldn't find graph file for method : 22:/mnt/out_put/3_llvm/mysql-server-source/sql/json_binary.cc#?#append_key_entries#?
2022-12-31 17:57:47  [WARNING] Couldn't find graph file for method : 0:/mnt/out_put/5_llvm/mysql-server-source/sql/hash_join_buffer.cc#?#HashJoinRowBuffer#?
2022-12-31 17:57:47  [WARNING] Couldn't find graph file for method : 1:/mnt/out_put/5_llvm/mysql-server-source/sql/hash_join_buffer.cc#?#Init#?
2022-12-31 17:57:47  [WARNING] Couldn't find graph file for method : 2:/mnt/out_put/5_llvm/mysql-server-source/sql/hash_join_buffer.cc#?#StoreRow#?
2022-12-31 17:57:47  [WARNING] Couldn't find graph file for method : 3:/mnt/out_put/5_llvm/mysql-server-source/sql/pack_rows.h#?#tables_bitmap#?
2022-12-31 17:57:47  [WARNING] Couldn't find graph file for method : 4:/mnt/out_put/5_llvm/mysql-server-source/extra/robin-hood-hashing/robin_hood.h#?#hash_bytes#?
2022-12-31 17:57:47  [WARNING] Couldn't find graph file for method : 5:/mnt/out_put/5_llvm/mysql-server-source/extra/robin-hood-hashing/robin_hood.h#?#hash_int#?
2022-12-31 17:57:47  [WARNING] Couldn't find graph file for method : 6:/mnt/out_put/5_llvm/mysql-server-source/extra/robin-hood-hashing/robin_hood.h#?#rotr<unsigned long>#?
2022-12-31 17:57:47  [WARNING] Couldn't find graph file for method : 7:/mnt/out_put/5_llvm/mysql-server-source/extra/robin-hood-hashing/robin_hood.h#?#operator()#?
2022-12-31 17:57:47  [WARNING] Couldn't find graph file for method : 8:/mnt/out_put/5_llvm/mysql-server-source/extra/robin-hood-hashing/robin_hood.h#?#next#?
2022-12-31 17:57:47  [WARNING] Couldn't find graph file for method : 9:/mnt/out_put/5_llvm/mysql-server-source/extra/robin-hood-hashing/robin_hood.h#?#Iter#?
2022-12-31 17:57:47  [WARNING] Couldn't find graph file for method : 10:/mnt/out_put/5_llvm/mysql-server-source/extra/robin-hood-hashing/robin_hood.h#?#find<std::basic_string_view<char>, robin_hood::detail::Table<true, 80, ImmutableStringWithLength, LinkedImmutableString, hash_join_buffer::KeyHasher, hash_join_buffer::KeyEquals> >#?
2022-12-31 17:57:47  [WARNING] Couldn't find graph file for method : 11:/mnt/out_put/5_llvm/mysql-server-source/sql/immutable_string.h#?#operator==#?
2022-12-31 17:57:47  [WARNING] Couldn't find graph file for method : 12:/mnt/out_put/5_llvm/mysql-server-source/extra/robin-hood-hashing/robin_hood.h#?#emplace<ImmutableStringWithLength &, LinkedImmutableString>#?
2022-12-31 17:57:47  [WARNING] Couldn't find graph file for method : 13:/mnt/out_put/5_llvm/mysql-server-source/sql/pack_rows.h#?#StoreLinkedImmutableStringFromTableBuffers#?
2022-12-31 17:57:48  [WARNING] Couldn't find graph file for method : 2:/mnt/out_put/9_llvm/mysql-server-source/sql/join_optimizer/join_optimizer.cc#?#FindSargablePredicates#?
2022-12-31 17:57:48  [WARNING] Couldn't find graph file for method : 3:/mnt/out_put/9_llvm/mysql-server-source/sql/join_optimizer/join_optimizer.cc#?#operator()#?
2022-12-31 17:57:48  [WARNING] Couldn't find graph file for method : 4:/mnt/out_put/9_llvm/mysql-server-source/sql/item.h#?#walk_helper_thunk<(lambda at /mnt/out_put/9_llvm/mysql-server-source/sql/join_optimizer/join_optimizer.cc:599:49)>#?
2022-12-31 17:57:48  [WARNING] Couldn't find graph file for method : 5:/mnt/out_put/9_llvm/mysql-server-source/sql/item.h#?#WalkItem<(lambda at /mnt/out_put/9_llvm/mysql-server-source/sql/join_optimizer/join_optimizer.cc:599:49)>#?
2022-12-31 17:57:48  [WARNING] Couldn't find graph file for method : 11:/mnt/out_put/9_llvm/mysql-server-source/sql/join_optimizer/join_optimizer.cc#?#EngineFlags#?
2022-12-31 17:57:48  [WARNING] Couldn't find graph file for method : 13:/mnt/out_put/9_llvm/mysql-server-source/sql/join_optimizer/join_optimizer.cc#?#_ZN12_GLOBAL__N_115CostingReceiverC2EP3THDP11Query_blockRK14JoinHypergraphPK16LogicalOrderingsPK14Mem_root_arrayI17SortAheadOrderingEPKSB_I15ActiveIndexInfoEPKSB_I17FullTextIndexInfoEmmbmPFbS2_S7_P10AccessPathEPNSt7__cxx1112basic_stringIcSt11char_traitsIcESaIcEEE#?
2022-12-31 17:57:48  [WARNING] Couldn't find graph file for method : 14:/mnt/out_put/9_llvm/mysql-server-source/sql/join_optimizer/join_optimizer.cc#?#CostingReceiver#?
2022-12-31 17:57:48  [WARNING] Couldn't find graph file for method : 23:/mnt/out_put/9_llvm/mysql-server-source/sql/join_optimizer/join_optimizer.cc#?#num_access_paths#?
2022-12-31 17:57:48  [WARNING] Couldn't find graph file for method : 25:/mnt/out_put/9_llvm/mysql-server-source/sql/join_optimizer/walk_access_paths.h#?#WalkAccessPaths<(lambda at /mnt/out_put/9_llvm/mysql-server-source/sql/join_optimizer/join_optimizer.cc:4245:19), JOIN *>#?
2022-12-31 17:57:48  [WARNING] Couldn't find graph file for method : 0:/mnt/out_put/10_llvm/mysql-server-source/sql/histograms/value_map.cc#?#_ZN10histograms14Value_map_baseC2EPK12CHARSET_INFOdNS_14Value_map_typeE#?
2022-12-31 17:57:48  [WARNING] Couldn't find graph file for method : 1:/mnt/out_put/10_llvm/mysql-server-source/sql/mem_root_allocator.h#?#allocate#?
2022-12-31 17:57:48  [WARNING] Couldn't find graph file for method : 2:/mnt/out_put/10_llvm/mysql-server-source/sql/mem_root_allocator.h#?#max_size#?
2022-12-31 17:57:48  [WARNING] Couldn't find graph file for method : 3:/mnt/out_put/10_llvm/mysql-server-source/sql/mem_root_allocator.h#?#construct<std::pair<const long long, unsigned long long>, const long long &, const unsigned long long &>#?
2022-12-31 17:57:48  [WARNING] Couldn't find graph file for method : 4:/mnt/out_put/10_llvm/mysql-server-source/sql/histograms/value_map.cc#?#add_values#?
2022-12-31 17:57:48  [WARNING] Couldn't find graph file for method : 5:/mnt/out_put/10_llvm/mysql-server-source/sql/mem_root_allocator.h#?#construct<std::pair<const unsigned long long, unsigned long long>, const unsigned long long &, const unsigned long long &>#?
2022-12-31 17:57:48  [WARNING] Couldn't find graph file for method : 6:/mnt/out_put/10_llvm/mysql-server-source/sql/mem_root_allocator.h#?#construct<std::pair<const double, unsigned long long>, const double &, const unsigned long long &>#?
2022-12-31 17:57:48  [WARNING] Couldn't find graph file for method : 7:/mnt/out_put/10_llvm/mysql-server-source/sql/mem_root_allocator.h#?#construct<std::pair<const my_decimal, unsigned long long>, const my_decimal &, const unsigned long long &>#?
2022-12-31 17:57:48  [WARNING] Couldn't find graph file for method : 8:/mnt/out_put/10_llvm/mysql-server-source/sql/histograms/value_map.cc#?#operator()<my_decimal>#?
2022-12-31 17:57:48  [WARNING] Couldn't find graph file for method : 9:/mnt/out_put/10_llvm/mysql-server-source/sql/mem_root_allocator.h#?#construct<std::pair<const MYSQL_TIME, unsigned long long>, const MYSQL_TIME &, const unsigned long long &>#?
2022-12-31 17:57:48  [WARNING] Couldn't find graph file for method : 10:/mnt/out_put/10_llvm/mysql-server-source/sql/histograms/value_map.cc#?#operator()<MYSQL_TIME>#?
2022-12-31 17:57:48  [WARNING] Couldn't find graph file for method : 11:/mnt/out_put/10_llvm/mysql-server-source/sql/mem_root_allocator.h#?#construct<std::pair<const String, unsigned long long>, String &, const unsigned long long &>#?
2022-12-31 17:57:48  [WARNING] Couldn't find graph file for method : 4:/mnt/out_put/12_llvm/mysql-server-source/sql/field.cc#?#store_value#?
2022-12-31 17:57:48  [WARNING] Couldn't find graph file for method : 10:/mnt/out_put/12_llvm/mysql-server-source/sql/field.cc#?#set_warning#?
2022-12-31 17:57:48  [WARNING] Couldn't find graph file for method : 0:/mnt/out_put/14_llvm/mysql-server-source/sql/locking_service.cc#?#acquire_locking_service_locks#?
2022-12-31 17:57:48  [WARNING] Couldn't find graph file for method : 0:/mnt/out_put/20_llvm/mysql-server-source/sql/dd/impl/sdi.cc#?#get_wctx#?
2022-12-31 17:57:48  [WARNING] Couldn't find graph file for method : 3:/mnt/out_put/20_llvm/mysql-server-source/sql/dd/impl/sdi.cc#?#get_rctx#?
2022-12-31 17:57:48  [WARNING] Couldn't find graph file for method : 4:/mnt/out_put/20_llvm/mysql-server-source/sql/dd/impl/sdi.cc#?#generic_track_object<dd::Column>#?
2022-12-31 17:57:48  [WARNING] Couldn't find graph file for method : 5:/mnt/out_put/20_llvm/mysql-server-source/sql/dd/impl/sdi.cc#?#generic_track_object<dd::Index>#?
2022-12-31 17:57:48  [WARNING] Couldn't find graph file for method : 9:/mnt/out_put/20_llvm/mysql-server-source/sql/dd/impl/sdi.cc#?#generic_serialize<dd::Table>#?
2022-12-31 17:57:48  [WARNING] Couldn't find graph file for method : 10:/mnt/out_put/20_llvm/mysql-server-source/sql/dd/impl/sdi.cc#?#error#?
2022-12-31 17:57:48  [WARNING] Couldn't find graph file for method : 11:/mnt/out_put/20_llvm/mysql-server-source/sql/dd/impl/sdi.cc#?#generic_serialize<dd::Tablespace>#?
2022-12-31 17:57:48  [WARNING] Couldn't find graph file for method : 0:/mnt/out_put/22_llvm/mysql-server-source/sql/regexp/regexp_facade.cc#?#SetPattern#?
2022-12-31 17:57:48  [WARNING] Couldn't find graph file for method : 1:/mnt/out_put/22_llvm/mysql-server-source/sql/regexp/regexp_facade.cc#?#SetupEngine#?
2022-12-31 17:57:48  [WARNING] Couldn't find graph file for method : 3:/mnt/out_put/22_llvm/mysql-server-source/sql/regexp/regexp_facade.cc#?#Find#?
2022-12-31 17:57:48  [WARNING] Couldn't find graph file for method : 4:/mnt/out_put/22_llvm/mysql-server-source/sql/regexp/regexp_facade.cc#?#Matches#?
2022-12-31 17:57:48  [WARNING] Couldn't find graph file for method : 5:/mnt/out_put/22_llvm/mysql-server-source/sql/regexp/regexp_facade.cc#?#Reset#?
2022-12-31 17:57:48  [WARNING] Couldn't find graph file for method : 6:/mnt/out_put/22_llvm/mysql-server-source/sql/regexp/regexp_facade.cc#?#ConvertLibPositionToCodePoint#?
2022-12-31 17:57:48  [WARNING] Couldn't find graph file for method : 7:/mnt/out_put/22_llvm/mysql-server-source/sql/regexp/regexp_facade.cc#?#Replace#?
2022-12-31 17:57:48  [WARNING] Couldn't find graph file for method : 8:/mnt/out_put/22_llvm/mysql-server-source/sql/regexp/regexp_facade.cc#?#ConvertCodePointToLibPosition#?
2022-12-31 17:57:48  [WARNING] Couldn't find graph file for method : 1:/mnt/out_put/24_llvm/mysql-server-source/sql/sql_data_change.cc#?#allocate_column_bitmap#?
2022-12-31 17:57:48  [WARNING] Couldn't find graph file for method : 2:/mnt/out_put/25_llvm/mysql-server-source/sql/field.cc#?#convert_str_to_TIME#?
2022-12-31 17:57:48  [WARNING] Couldn't find graph file for method : 4:/mnt/out_put/25_llvm/mysql-server-source/sql/field.cc#?#store_internal_adjust_frac#?
2022-12-31 17:57:48  [WARNING] Couldn't find graph file for method : 3:/mnt/out_put/26_llvm/mysql-server-source/sql/field.cc#?#store_value#?
2022-12-31 17:57:48  [WARNING] Couldn't find graph file for method : 9:/mnt/out_put/26_llvm/mysql-server-source/sql/field.cc#?#set_warning#?
2022-12-31 17:57:48  [WARNING] Couldn't find graph file for method : 0:/mnt/out_put/28_llvm/mysql-server-source/sql/hash_join_buffer.cc#?#HashJoinRowBuffer#?
2022-12-31 17:57:48  [WARNING] Couldn't find graph file for method : 1:/mnt/out_put/28_llvm/mysql-server-source/sql/hash_join_buffer.cc#?#Init#?
2022-12-31 17:57:48  [WARNING] Couldn't find graph file for method : 2:/mnt/out_put/28_llvm/mysql-server-source/sql/hash_join_buffer.cc#?#StoreRow#?
2022-12-31 17:57:48  [WARNING] Couldn't find graph file for method : 3:/mnt/out_put/28_llvm/mysql-server-source/sql/hash_join_buffer.cc#?#StoreLinkedImmutableStringFromTableBuffers#?
2022-12-31 17:57:48  [WARNING] Couldn't find graph file for method : 0:/mnt/out_put/29_llvm/mysql-server-source/sql/hash_join_buffer.cc#?#HashJoinRowBuffer#?
2022-12-31 17:57:48  [WARNING] Couldn't find graph file for method : 1:/mnt/out_put/29_llvm/mysql-server-source/sql/hash_join_buffer.cc#?#Init#?
2022-12-31 17:57:48  [WARNING] Couldn't find graph file for method : 2:/mnt/out_put/29_llvm/mysql-server-source/sql/hash_join_buffer.cc#?#StoreRow#?
2022-12-31 17:57:48  [WARNING] Couldn't find graph file for method : 3:/mnt/out_put/29_llvm/mysql-server-source/sql/hash_join_buffer.cc#?#StoreLinkedImmutableStringFromTableBuffers#?
2022-12-31 17:57:48  [WARNING] Couldn't find graph file for method : 0:/mnt/out_put/31_llvm/mysql-server-source/sql/join_optimizer/make_join_hypergraph.cc#?#join#?
2022-12-31 17:57:48  [WARNING] Couldn't find graph file for method : 1:/mnt/out_put/31_llvm/mysql-server-source/sql/join_optimizer/make_join_hypergraph.cc#?#MakeJoinHypergraph#?
2022-12-31 17:57:48  [WARNING] Couldn't find graph file for method : 2:/mnt/out_put/31_llvm/mysql-server-source/sql/join_optimizer/make_join_hypergraph.cc#?#PrintJoinList#?
2022-12-31 17:57:48  [WARNING] Couldn't find graph file for method : 3:/mnt/out_put/31_llvm/mysql-server-source/sql/join_optimizer/make_join_hypergraph.cc#?#MakeRelationalExpressionFromJoinList#?
2022-12-31 17:57:48  [WARNING] Couldn't find graph file for method : 4:/mnt/out_put/31_llvm/mysql-server-source/sql/join_optimizer/make_join_hypergraph.cc#?#MakeRelationalExpression#?
2022-12-31 17:57:48  [WARNING] Couldn't find graph file for method : 5:/mnt/out_put/31_llvm/mysql-server-source/sql/join_optimizer/make_join_hypergraph.cc#?#ComputeCompanionSets#?
2022-12-31 17:57:48  [WARNING] Couldn't find graph file for method : 6:/mnt/out_put/31_llvm/mysql-server-source/sql/join_optimizer/make_join_hypergraph.cc#?#FlattenInnerJoins#?
2022-12-31 17:57:48  [WARNING] Couldn't find graph file for method : 7:/mnt/out_put/31_llvm/mysql-server-source/sql/join_optimizer/make_join_hypergraph.cc#?#PrintRelationalExpression#?
2022-12-31 17:57:48  [WARNING] Couldn't find graph file for method : 8:/mnt/out_put/31_llvm/mysql-server-source/sql/join_optimizer/make_join_hypergraph.cc#?#UnflattenInnerJoins#?
2022-12-31 17:57:48  [WARNING] Couldn't find graph file for method : 9:/mnt/out_put/31_llvm/mysql-server-source/sql/join_optimizer/make_join_hypergraph.cc#?#LateConcretizeMultipleEqualities#?
2022-12-31 17:57:48  [WARNING] Couldn't find graph file for method : 10:/mnt/out_put/31_llvm/mysql-server-source/sql/join_optimizer/make_join_hypergraph.cc#?#MakeJoinGraphFromRelationalExpression#?
2022-12-31 17:57:48  [WARNING] Couldn't find graph file for method : 11:/mnt/out_put/31_llvm/mysql-server-source/sql/join_optimizer/make_join_hypergraph.cc#?#ExtractCycleMultipleEqualities#?
2022-12-31 17:57:48  [WARNING] Couldn't find graph file for method : 12:/mnt/out_put/31_llvm/mysql-server-source/sql/join_optimizer/make_join_hypergraph.cc#?#CompleteFullMeshForMultipleEqualities#?
2022-12-31 17:57:48  [WARNING] Couldn't find graph file for method : 13:/mnt/out_put/31_llvm/mysql-server-source/sql/join_optimizer/make_join_hypergraph.cc#?#PrintDottyHypergraph#?
2022-12-31 17:57:48  [WARNING] Couldn't find graph file for method : 14:/mnt/out_put/31_llvm/mysql-server-source/sql/join_optimizer/make_join_hypergraph.cc#?#EarlyExpandMultipleEquals#?
2022-12-31 17:57:48  [WARNING] Couldn't find graph file for method : 15:/mnt/out_put/31_llvm/mysql-server-source/sql/join_optimizer/make_join_hypergraph.cc#?#operator()#?
2022-12-31 17:57:48  [WARNING] Couldn't find graph file for method : 16:/mnt/out_put/31_llvm/mysql-server-source/sql/item.h#?#analyze_helper_thunk<(lambda at /mnt/out_put/31_llvm/mysql-server-source/sql/join_optimizer/make_join_hypergraph.cc:138:18)>#?
2022-12-31 17:57:48  [WARNING] Couldn't find graph file for method : 17:/mnt/out_put/31_llvm/mysql-server-source/sql/join_optimizer/make_join_hypergraph.cc#?#IsMultipleEquals#?
2022-12-31 17:57:48  [WARNING] Couldn't find graph file for method : 18:/mnt/out_put/31_llvm/mysql-server-source/sql/item.h#?#walk_helper_thunk<(lambda at /mnt/out_put/31_llvm/mysql-server-source/sql/join_optimizer/make_join_hypergraph.cc:139:7)>#?
2022-12-31 17:57:48  [WARNING] Couldn't find graph file for method : 19:/mnt/out_put/31_llvm/mysql-server-source/sql/item.h#?#CompileItem<(lambda at /mnt/out_put/31_llvm/mysql-server-source/sql/join_optimizer/make_join_hypergraph.cc:138:18), (lambda at /mnt/out_put/31_llvm/mysql-server-source/sql/join_optimizer/make_join_hypergraph.cc:139:7)>#?
2022-12-31 17:57:48  [WARNING] Couldn't find graph file for method : 20:/mnt/out_put/31_llvm/mysql-server-source/sql/join_optimizer/make_join_hypergraph.cc#?#PushDownAsMuchAsPossible#?
2022-12-31 17:57:48  [WARNING] Couldn't find graph file for method : 21:/mnt/out_put/31_llvm/mysql-server-source/sql/item.h#?#analyze_helper_thunk<(lambda at /mnt/out_put/31_llvm/mysql-server-source/sql/join_optimizer/make_join_hypergraph.cc:1110:18)>#?
2022-12-31 17:57:48  [WARNING] Couldn't find graph file for method : 22:/mnt/out_put/31_llvm/mysql-server-source/sql/item.h#?#walk_helper_thunk<(lambda at /mnt/out_put/31_llvm/mysql-server-source/sql/join_optimizer/make_join_hypergraph.cc:1111:7)>#?
2022-12-31 17:57:48  [WARNING] Couldn't find graph file for method : 23:/mnt/out_put/31_llvm/mysql-server-source/sql/item.h#?#CompileItem<(lambda at /mnt/out_put/31_llvm/mysql-server-source/sql/join_optimizer/make_join_hypergraph.cc:1110:18), (lambda at /mnt/out_put/31_llvm/mysql-server-source/sql/join_optimizer/make_join_hypergraph.cc:1111:7)>#?
2022-12-31 17:57:48  [WARNING] Couldn't find graph file for method : 24:/mnt/out_put/31_llvm/mysql-server-source/sql/join_optimizer/make_join_hypergraph.cc#?#AddPredicate#?
2022-12-31 17:57:48  [WARNING] Couldn't find graph file for method : 25:/mnt/out_put/31_llvm/mysql-server-source/sql/join_optimizer/make_join_hypergraph.cc#?#GetNodeMapFromTableMap#?
2022-12-31 17:57:48  [WARNING] Couldn't find graph file for method : 7:/mnt/out_put/35_llvm/mysql-server-source/sql/item_cmpfunc.cc#?#_ZN11in_longlong8val_itemEP4ItemPNS_15packed_longlongE#?
2022-12-31 17:57:48  [WARNING] Couldn't find graph file for method : 10:/mnt/out_put/35_llvm/mysql-server-source/sql/item_cmpfunc.cc#?#operator()#?
2022-12-31 17:57:48  [WARNING] Couldn't find graph file for method : 10:/mnt/out_put/36_llvm/mysql-server-source/sql/item_cmpfunc.cc#?#set_compare_func#?
2022-12-31 17:57:48  [WARNING] Couldn't find graph file for method : 11:/mnt/out_put/36_llvm/mysql-server-source/sql/item_cmpfunc.cc#?#get_histogram_selectivity#?
2022-12-31 17:57:48  [WARNING] Couldn't find graph file for method : 14:/mnt/out_put/36_llvm/mysql-server-source/sql/item_cmpfunc.cc#?#operator()#?
2022-12-31 17:57:49  [WARNING] Couldn't find graph file for method : 10:/mnt/out_put/37_llvm/mysql-server-source/sql/item_cmpfunc.cc#?#set_compare_func#?
2022-12-31 17:57:49  [WARNING] Couldn't find graph file for method : 11:/mnt/out_put/37_llvm/mysql-server-source/sql/item_cmpfunc.cc#?#get_histogram_selectivity#?
2022-12-31 17:57:49  [WARNING] Couldn't find graph file for method : 12:/mnt/out_put/37_llvm/mysql-server-source/sql/item_cmpfunc.cc#?#agg_cmp_type#?
2022-12-31 17:57:49  [WARNING] Couldn't find graph file for method : 15:/mnt/out_put/37_llvm/mysql-server-source/sql/item_cmpfunc.cc#?#operator()#?
2022-12-31 17:57:49  [WARNING] Couldn't find graph file for method : 10:/mnt/out_put/38_llvm/mysql-server-source/sql/item_cmpfunc.cc#?#set_compare_func#?
2022-12-31 17:57:49  [WARNING] Couldn't find graph file for method : 11:/mnt/out_put/38_llvm/mysql-server-source/sql/item_cmpfunc.cc#?#get_histogram_selectivity#?
2022-12-31 17:57:49  [WARNING] Couldn't find graph file for method : 12:/mnt/out_put/38_llvm/mysql-server-source/sql/item_cmpfunc.cc#?#agg_cmp_type#?
2022-12-31 17:57:49  [WARNING] Couldn't find graph file for method : 15:/mnt/out_put/38_llvm/mysql-server-source/sql/item_cmpfunc.cc#?#operator()#?
2022-12-31 17:57:49  [WARNING] Couldn't find graph file for method : 10:/mnt/out_put/39_llvm/mysql-server-source/sql/item_cmpfunc.cc#?#set_compare_func#?
2022-12-31 17:57:49  [WARNING] Couldn't find graph file for method : 11:/mnt/out_put/39_llvm/mysql-server-source/sql/item_cmpfunc.cc#?#get_histogram_selectivity#?
2022-12-31 17:57:49  [WARNING] Couldn't find graph file for method : 12:/mnt/out_put/39_llvm/mysql-server-source/sql/item_cmpfunc.cc#?#agg_cmp_type#?
2022-12-31 17:57:49  [WARNING] Couldn't find graph file for method : 15:/mnt/out_put/39_llvm/mysql-server-source/sql/item_cmpfunc.cc#?#operator()#?
2022-12-31 17:57:49  [WARNING] Couldn't find graph file for method : 10:/mnt/out_put/40_llvm/mysql-server-source/sql/item_cmpfunc.cc#?#set_compare_func#?
2022-12-31 17:57:49  [WARNING] Couldn't find graph file for method : 11:/mnt/out_put/40_llvm/mysql-server-source/sql/item_cmpfunc.cc#?#get_histogram_selectivity#?
2022-12-31 17:57:49  [WARNING] Couldn't find graph file for method : 12:/mnt/out_put/40_llvm/mysql-server-source/sql/item_cmpfunc.cc#?#agg_cmp_type#?
2022-12-31 17:57:49  [WARNING] Couldn't find graph file for method : 15:/mnt/out_put/40_llvm/mysql-server-source/sql/item_cmpfunc.cc#?#operator()#?
2022-12-31 17:57:49  [WARNING] Couldn't find graph file for method : 10:/mnt/out_put/41_llvm/mysql-server-source/sql/item_cmpfunc.cc#?#set_compare_func#?
2022-12-31 17:57:49  [WARNING] Couldn't find graph file for method : 11:/mnt/out_put/41_llvm/mysql-server-source/sql/item_cmpfunc.cc#?#get_histogram_selectivity#?
2022-12-31 17:57:49  [WARNING] Couldn't find graph file for method : 12:/mnt/out_put/41_llvm/mysql-server-source/sql/item_cmpfunc.cc#?#agg_cmp_type#?
2022-12-31 17:57:49  [WARNING] Couldn't find graph file for method : 15:/mnt/out_put/41_llvm/mysql-server-source/sql/item_cmpfunc.cc#?#operator()#?
2022-12-31 17:57:49  [WARNING] Couldn't find graph file for method : 10:/mnt/out_put/42_llvm/mysql-server-source/sql/item_cmpfunc.cc#?#set_compare_func#?
2022-12-31 17:57:49  [WARNING] Couldn't find graph file for method : 11:/mnt/out_put/42_llvm/mysql-server-source/sql/item_cmpfunc.cc#?#get_histogram_selectivity#?
2022-12-31 17:57:49  [WARNING] Couldn't find graph file for method : 14:/mnt/out_put/42_llvm/mysql-server-source/sql/item_cmpfunc.cc#?#operator()#?
